[2025-10-07 16:03:00,088] multiqc                                            [DEBUG  ]  This is MultiQC v1.14
[2025-10-07 16:03:00,088] multiqc                                            [DEBUG  ]  Command used: /opt/miniconda3/bin/multiqc -v tests
[2025-10-07 16:03:01,446] multiqc                                            [WARNING]  MultiQC Version v1.31 now available!
[2025-10-07 16:03:01,446] multiqc                                            [INFO   ]  Running execute() from custom MultiQC plugin
[2025-10-07 16:03:01,461] multiqc                                            [INFO   ]  Running MultiQC Plugin v0.1
[2025-10-07 16:03:01,462] multiqc                                            [DEBUG  ]  Added test_module to the search patterns
[2025-10-07 16:03:01,462] multiqc                                            [DEBUG  ]  Working dir : /Users/jahnavi/Downloads/wehi_multiqc_plugin
[2025-10-07 16:03:01,463] multiqc                                            [DEBUG  ]  Template    : default
[2025-10-07 16:03:01,463] multiqc                                            [DEBUG  ]  Running Python 3.13.5 | packaged by Anaconda, Inc. | (main, Jun 12 2025, 11:09:21) [Clang 14.0.6 ]
[2025-10-07 16:03:01,464] multiqc                                            [DEBUG  ]  Analysing modules: test_module, custom_content, ccs, ngsderive, purple, conpair, lima, peddy, somalier, methylQA, mosdepth, phantompeakqualtools, qualimap, preseq, hifiasm, quast, qorts, rna_seqc, rockhopper, rsem, rseqc, busco, bustools, goleft_indexcov, gffcompare, disambiguate, supernova, deeptools, sargasso, verifybamid, mirtrace, happy, mirtop, sambamba, gopeaks, homer, hops, macs2, theta2, snpeff, gatk, htseq, bcftools, featureCounts, fgbio, dragen, dragen_fastqc, dedup, pbmarkdup, damageprofiler, biobambam2, jcvi, mtnucratio, picard, vep, sentieon, prokka, qc3C, nanostat, samblaster, samtools, sexdeterrmine, eigenstratdatabasetools, bamtools, jellyfish, vcftools, longranger, stacks, varscan2, snippy, umitools, bbmap, bismark, biscuit, diamond, hicexplorer, hicup, hicpro, salmon, kallisto, slamdunk, star, hisat2, tophat, bowtie2, bowtie1, cellranger, snpsplit, odgi, pangolin, nextclade, humid, kat, leehom, adapterRemoval, bbduk, clipandmerge, cutadapt, flexbar, kaiju, kraken, malt, motus, trimmomatic, sickle, skewer, sortmerna, biobloomtools, fastq_screen, afterqc, fastp, fastqc, filtlong, prinseqplusplus, pychopper, porechop, pycoqc, minionqc, anglerfish, multivcfanalyzer, clusterflow, checkqc, bcl2fastq, bclconvert, interop, ivar, flash, seqyclean, optitype, whatshap
[2025-10-07 16:03:01,465] multiqc                                            [DEBUG  ]  Using temporary directory for creating report: /var/folders/57/b7ct76dx187bbt95vfw7rddc0000gn/T/tmpzrps5zdg
[2025-10-07 16:03:01,472] multiqc                                            [INFO   ]  Search path : /Users/jahnavi/Downloads/wehi_multiqc_plugin/tests
[2025-10-07 16:03:01,525] multiqc                                            [DEBUG  ]  Summary of files that were skipped by the search: [skipped_ignore_pattern: 1] // [skipped_no_match: 1]
[2025-10-07 16:03:02,201] multiqc.plots.bargraph                             [DEBUG  ]  Using matplotlib version 3.10.6
[2025-10-07 16:03:02,220] multiqc.plots.linegraph                            [DEBUG  ]  Using matplotlib version 3.10.6
[2025-10-07 16:03:02,222] multiqc                                            [DEBUG  ]  No samples found: custom_content
[2025-10-07 16:03:02,223] multiqc                                            [INFO   ]  Compressing plot data
[2025-10-07 16:03:02,225] multiqc                                            [INFO   ]  Report      : multiqc_report.html
[2025-10-07 16:03:02,225] multiqc                                            [INFO   ]  Data        : multiqc_data
[2025-10-07 16:03:02,225] multiqc                                            [DEBUG  ]  Moving data file from '/var/folders/57/b7ct76dx187bbt95vfw7rddc0000gn/T/tmpzrps5zdg/multiqc_data' to '/Users/jahnavi/Downloads/wehi_multiqc_plugin/multiqc_data'
[2025-10-07 16:03:02,427] multiqc                                            [INFO   ]  MultiQC complete
